<?xml version="1.0" encoding="UTF-8"?>
<robot generator="Robot 7.3.2 (Python 3.12.2 on darwin)" generated="2025-07-16T16:45:07.853836" rpa="false" schemaversion="5">
<suite id="s1" name="TestSuite1" source="/Users/khinelwinmyint/Desktop/Desktop/Robot Framework/TestSuite1.robot">
<kw name="Log" owner="BuiltIn" type="SETUP">
<msg time="2025-07-16T16:45:07.950133" level="INFO">I am insite Test Suite Setup.</msg>
<arg>I am insite Test Suite Setup.</arg>
<doc>Logs the given message with the given level.</doc>
<status status="PASS" start="2025-07-16T16:45:07.949989" elapsed="0.001147"/>
</kw>
<test id="s1-t1" name="FirstSimpleRobotFrameworkTest" line="13">
<kw name="Log" owner="BuiltIn" type="SETUP">
<msg time="2025-07-16T16:45:07.951739" level="INFO">I am insite Test Setup.</msg>
<arg>I am insite Test Setup.</arg>
<doc>Logs the given message with the given level.</doc>
<status status="PASS" start="2025-07-16T16:45:07.951623" elapsed="0.000186"/>
</kw>
<kw name="Log" owner="BuiltIn">
<msg time="2025-07-16T16:45:07.952024" level="INFO">Hello World 1...</msg>
<arg>Hello World 1...</arg>
<doc>Logs the given message with the given level.</doc>
<status status="PASS" start="2025-07-16T16:45:07.951948" elapsed="0.000126"/>
</kw>
<kw name="Log" owner="BuiltIn" type="TEARDOWN">
<msg time="2025-07-16T16:45:07.952382" level="INFO">I am insite Test Teardown.</msg>
<arg>I am insite Test Teardown.</arg>
<doc>Logs the given message with the given level.</doc>
<status status="PASS" start="2025-07-16T16:45:07.952294" elapsed="0.000148"/>
</kw>
<tag>Smoke</tag>
<status status="PASS" start="2025-07-16T16:45:07.951255" elapsed="0.001249"/>
</test>
<test id="s1-t2" name="Second Simple RobotFrameork Test" line="17">
<kw name="Log" owner="BuiltIn" type="SETUP">
<msg time="2025-07-16T16:45:07.953432" level="INFO">I am insite Test Setup.</msg>
<arg>I am insite Test Setup.</arg>
<doc>Logs the given message with the given level.</doc>
<status status="PASS" start="2025-07-16T16:45:07.953239" elapsed="0.000269"/>
</kw>
<kw name="Log" owner="BuiltIn">
<msg time="2025-07-16T16:45:07.953816" level="INFO">Hello World 2...</msg>
<arg>Hello World 2...</arg>
<doc>Logs the given message with the given level.</doc>
<status status="PASS" start="2025-07-16T16:45:07.953714" elapsed="0.000162"/>
</kw>
<kw name="Set Tags" owner="BuiltIn">
<msg time="2025-07-16T16:45:07.954089" level="INFO">Set tag 'Regression 1'.</msg>
<arg>Regression 1</arg>
<doc>Adds given ``tags`` for the current test or all tests in a suite.</doc>
<status status="PASS" start="2025-07-16T16:45:07.953965" elapsed="0.000182"/>
</kw>
<kw name="Remove Tags" owner="BuiltIn">
<msg time="2025-07-16T16:45:07.954497" level="INFO">Removed tag 'tRegression1'.</msg>
<arg>tRegression1</arg>
<doc>Removes given ``tags`` from the current test or all tests in a suite.</doc>
<status status="PASS" start="2025-07-16T16:45:07.954286" elapsed="0.000270"/>
</kw>
<kw name="Log" owner="BuiltIn" type="TEARDOWN">
<msg time="2025-07-16T16:45:07.954915" level="INFO">I am insite Test Teardown.</msg>
<arg>I am insite Test Teardown.</arg>
<doc>Logs the given message with the given level.</doc>
<status status="PASS" start="2025-07-16T16:45:07.954834" elapsed="0.000135"/>
</kw>
<tag>Regression 1</tag>
<tag>Sanity</tag>
<status status="PASS" start="2025-07-16T16:45:07.952986" elapsed="0.002153"/>
</test>
<test id="s1-t3" name="Third Simple RobotFrameork Test" line="22">
<kw name="Log" owner="BuiltIn" type="SETUP">
<msg time="2025-07-16T16:45:07.955947" level="INFO">I am insite Test Setup.</msg>
<arg>I am insite Test Setup.</arg>
<doc>Logs the given message with the given level.</doc>
<status status="PASS" start="2025-07-16T16:45:07.955857" elapsed="0.000152"/>
</kw>
<kw name="Set Tags" owner="BuiltIn">
<msg time="2025-07-16T16:45:07.956393" level="INFO">Set tag 'Regression 2'.</msg>
<arg>Regression 2</arg>
<doc>Adds given ``tags`` for the current test or all tests in a suite.</doc>
<status status="PASS" start="2025-07-16T16:45:07.956281" elapsed="0.000261"/>
</kw>
<kw name="Log" owner="BuiltIn">
<msg time="2025-07-16T16:45:07.956738" level="INFO">Hello World 3...</msg>
<arg>Hello World 3...</arg>
<doc>Logs the given message with the given level.</doc>
<status status="PASS" start="2025-07-16T16:45:07.956666" elapsed="0.000122"/>
</kw>
<kw name="Log" owner="BuiltIn" type="TEARDOWN">
<msg time="2025-07-16T16:45:07.957047" level="INFO">I am insite Test Teardown.</msg>
<arg>I am insite Test Teardown.</arg>
<doc>Logs the given message with the given level.</doc>
<status status="PASS" start="2025-07-16T16:45:07.956961" elapsed="0.000141"/>
</kw>
<tag>Regression 2</tag>
<tag>Sanity</tag>
<status status="PASS" start="2025-07-16T16:45:07.955589" elapsed="0.002160"/>
</test>
<test id="s1-t4" name="Fourth Simple RobotFrameork Test" line="26">
<kw name="Log" owner="BuiltIn" type="SETUP">
<msg time="2025-07-16T16:45:07.958485" level="INFO">I am insite Test Setup.</msg>
<arg>I am insite Test Setup.</arg>
<doc>Logs the given message with the given level.</doc>
<status status="PASS" start="2025-07-16T16:45:07.958400" elapsed="0.000144"/>
</kw>
<kw name="Log" owner="BuiltIn">
<msg time="2025-07-16T16:45:07.958818" level="INFO">Hello World 4...</msg>
<arg>Hello World 4...</arg>
<doc>Logs the given message with the given level.</doc>
<status status="PASS" start="2025-07-16T16:45:07.958745" elapsed="0.000121"/>
</kw>
<kw name="Log" owner="BuiltIn" type="TEARDOWN">
<msg time="2025-07-16T16:45:07.959030" level="INFO">I am insite Test Teardown.</msg>
<arg>I am insite Test Teardown.</arg>
<doc>Logs the given message with the given level.</doc>
<status status="PASS" start="2025-07-16T16:45:07.958966" elapsed="0.000110"/>
</kw>
<tag>Sanity</tag>
<status status="PASS" start="2025-07-16T16:45:07.958135" elapsed="0.001386"/>
</test>
<kw name="Log" owner="BuiltIn" type="TEARDOWN">
<msg time="2025-07-16T16:45:07.960173" level="INFO">I am insite Test Suite Teardown.</msg>
<arg>I am insite Test Suite Teardown.</arg>
<doc>Logs the given message with the given level.</doc>
<status status="PASS" start="2025-07-16T16:45:07.960079" elapsed="0.000148"/>
</kw>
<status status="PASS" start="2025-07-16T16:45:07.855561" elapsed="0.104705"/>
</suite>
<statistics>
<total>
<stat pass="4" fail="0" skip="0">All Tests</stat>
</total>
<tag>
<stat pass="1" fail="0" skip="0">Regression 1</stat>
<stat pass="1" fail="0" skip="0">Regression 2</stat>
<stat pass="3" fail="0" skip="0">Sanity</stat>
<stat pass="1" fail="0" skip="0">Smoke</stat>
</tag>
<suite>
<stat name="TestSuite1" id="s1" pass="4" fail="0" skip="0">TestSuite1</stat>
</suite>
</statistics>
<errors>
</errors>
</robot>
